[debug] [2021-08-05T16:44:21.920Z] ----------------------------------------------------------------------
[debug] [2021-08-05T16:44:21.922Z] Command:       C:\Program Files\nodejs\node.exe C:\Users\aldod\AppData\Roaming\npm\node_modules\firebase-tools\lib\bin\firebase.js init
[debug] [2021-08-05T16:44:21.923Z] CLI Version:   9.16.0
[debug] [2021-08-05T16:44:21.923Z] Platform:      win32
[debug] [2021-08-05T16:44:21.923Z] Node Version:  v14.17.4
[debug] [2021-08-05T16:44:21.924Z] Time:          Thu Aug 05 2021 09:44:21 GMT-0700 (Pacific Daylight Time)
[debug] [2021-08-05T16:44:21.924Z] ----------------------------------------------------------------------
[debug] 
[debug] [2021-08-05T16:44:21.930Z] > command requires scopes: ["email","openid","https://www.googleapis.com/auth/cloudplatformprojects.readonly","https://www.googleapis.com/auth/firebase","https://www.googleapis.com/auth/cloud-platform"]
[debug] [2021-08-05T16:44:21.930Z] > authorizing via signed-in user (akhmadaldo3@gmail.com)
[info] 
     ######## #### ########  ######## ########     ###     ######  ########
     ##        ##  ##     ## ##       ##     ##  ##   ##  ##       ##
     ######    ##  ########  ######   ########  #########  ######  ######
     ##        ##  ##    ##  ##       ##     ## ##     ##       ## ##
     ##       #### ##     ## ######## ########  ##     ##  ######  ########

You're about to initialize a Firebase project in this directory:

  C:\Users\aldod\code\clone-app\netflix-clone

[info] 
=== Project Setup
[info] 
[info] First, let's associate this project directory with a Firebase project.
[info] You can create multiple project aliases by running firebase use --add, 
[info] but for now we'll just set up a default project.
[info] 
[debug] [2021-08-05T16:44:29.495Z] > refreshing access token with scopes: []
[debug] [2021-08-05T16:44:29.495Z] >>> HTTP REQUEST POST https://www.googleapis.com/oauth2/v3/token  
 <request body omitted>
[debug] [2021-08-05T16:44:29.622Z] <<< HTTP RESPONSE 200 {"cache-control":"no-cache, no-store, max-age=0, must-revalidate","expires":"Mon, 01 Jan 1990 00:00:00 GMT","pragma":"no-cache","date":"Thu, 05 Aug 2021 16:44:30 GMT","content-type":"application/json; charset=utf-8","vary":"X-Origin, Referer, Origin,Accept-Encoding","server":"scaffolding on HTTPServer2","x-xss-protection":"0","x-frame-options":"SAMEORIGIN","x-content-type-options":"nosniff","alt-svc":"h3=\":443\"; ma=2592000,h3-29=\":443\"; ma=2592000,h3-T051=\":443\"; ma=2592000,h3-Q050=\":443\"; ma=2592000,h3-Q046=\":443\"; ma=2592000,h3-Q043=\":443\"; ma=2592000,quic=\":443\"; ma=2592000; v=\"46,43\"","accept-ranges":"none","transfer-encoding":"chunked"}
[debug] [2021-08-05T16:44:29.632Z] >>> [apiv2][query] GET https://firebase.googleapis.com/v1beta1/projects pageSize=100
[debug] [2021-08-05T16:44:30.034Z] <<< [apiv2][status] GET https://firebase.googleapis.com/v1beta1/projects 200
[debug] [2021-08-05T16:44:30.034Z] <<< [apiv2][body] GET https://firebase.googleapis.com/v1beta1/projects [omitted]
[info] i  Using project netflix-clone-35d87 (netflix-clone) 
[info] 
=== Hosting:github Setup
[info] 
[info] i  Detected a .git folder at C:\Users\aldod\code\clone-app\netflix-clone 
[info] i  Authorizing with GitHub to upload your service account to a GitHub repository's secrets store. 
[info] 
[info] Visit this URL on this device to log in:
[info] https://github.com/login/oauth/authorize?client_id=89cf50f02ac6aaed3484&state=577120171&redirect_uri=http%3A%2F%2Flocalhost%3A9005&scope=read%3Auser%20repo%20public_repo
[info] 
[info] Waiting for authentication...
[debug] [2021-08-05T16:44:40.945Z] >>> HTTP REQUEST POST https://github.com/login/oauth/access_token  
 {"client_id":"89cf50f02ac6aaed3484","client_secret":"3330d14abc895d9a74d5f17cd7a00711fa2c5bf0","code":"0b7e3d84a457e8b3b815","redirect_uri":"http://localhost:9005","state":"577120171"}
[debug] [2021-08-05T16:44:41.384Z] <<< HTTP RESPONSE 200 {"server":"GitHub.com","date":"Thu, 05 Aug 2021 16:44:41 GMT","content-type":"application/json; charset=utf-8","transfer-encoding":"chunked","vary":"X-PJAX, Accept-Encoding, Accept, X-Requested-With","permissions-policy":"interest-cohort=()","etag":"W/\"138ad081bfa0e2f2a096c18c249dd95b\"","cache-control":"max-age=0, private, must-revalidate","strict-transport-security":"max-age=31536000; includeSubdomains; preload","x-frame-options":"deny","x-content-type-options":"nosniff","x-xss-protection":"0","referrer-policy":"origin-when-cross-origin, strict-origin-when-cross-origin","expect-ct":"max-age=2592000, report-uri=\"https://api.github.com/_private/browser/errors\"","content-security-policy":"default-src 'none'; base-uri 'self'; block-all-mixed-content; connect-src 'self' uploads.github.com www.githubstatus.com collector.githubapp.com api.github.com github-cloud.s3.amazonaws.com github-production-repository-file-5c1aeb.s3.amazonaws.com github-production-upload-manifest-file-7fdce7.s3.amazonaws.com github-production-user-asset-6210df.s3.amazonaws.com cdn.optimizely.com logx.optimizely.com/v1/events translator.github.com wss://alive.github.com; font-src github.githubassets.com; form-action 'self' github.com gist.github.com; frame-ancestors 'none'; frame-src render.githubusercontent.com render-temp.githubusercontent.com viewscreen.githubusercontent.com; img-src 'self' data: github.githubassets.com identicons.github.com collector.githubapp.com github-cloud.s3.amazonaws.com secured-user-images.githubusercontent.com/ *.githubusercontent.com; manifest-src 'self'; media-src 'none'; script-src github.githubassets.com; style-src 'unsafe-inline' github.githubassets.com; worker-src github.com/socket-worker-3f088aa2.js gist.github.com/socket-worker-3f088aa2.js","x-github-request-id":"F99B:09EA:2FFB31:33BF3B:610C1579"}
[debug] [2021-08-05T16:44:41.389Z] >>> [apiv2][query] GET https://api.github.com/user [none]
[debug] [2021-08-05T16:44:42.215Z] <<< [apiv2][status] GET https://api.github.com/user 200
[debug] [2021-08-05T16:44:42.216Z] <<< [apiv2][body] GET https://api.github.com/user {"login":"Aldodev01","id":72026417,"node_id":"MDQ6VXNlcjcyMDI2NDE3","avatar_url":"https://avatars.githubusercontent.com/u/72026417?v=4","gravatar_id":"","url":"https://api.github.com/users/Aldodev01","html_url":"https://github.com/Aldodev01","followers_url":"https://api.github.com/users/Aldodev01/followers","following_url":"https://api.github.com/users/Aldodev01/following{/other_user}","gists_url":"https://api.github.com/users/Aldodev01/gists{/gist_id}","starred_url":"https://api.github.com/users/Aldodev01/starred{/owner}{/repo}","subscriptions_url":"https://api.github.com/users/Aldodev01/subscriptions","organizations_url":"https://api.github.com/users/Aldodev01/orgs","repos_url":"https://api.github.com/users/Aldodev01/repos","events_url":"https://api.github.com/users/Aldodev01/events{/privacy}","received_events_url":"https://api.github.com/users/Aldodev01/received_events","type":"User","site_admin":false,"name":"Aldodev1","company":"Aldo.INC","blog":"https://aldodevv.surge.sh","location":"Depok ","email":null,"hireable":null,"bio":"love yourself and minder","twitter_username":"aldodevv","public_repos":27,"public_gists":0,"followers":6,"following":3,"created_at":"2020-09-28T13:35:18Z","updated_at":"2021-08-05T16:44:41Z","private_gists":0,"total_private_repos":4,"owned_private_repos":4,"disk_usage":267007,"collaborators":6,"two_factor_authentication":false,"plan":{"name":"free","space":976562499,"collaborators":0,"private_repos":10000}}
[info] 
[info] +  Success! Logged into GitHub as Aldodev01 
[info] 
[debug] [2021-08-05T16:45:46.995Z] >>> [apiv2][query] GET https://api.github.com/repos/Aldodev01/actions/secrets/public-key type=owner
[debug] [2021-08-05T16:45:47.326Z] <<< [apiv2][status] GET https://api.github.com/repos/Aldodev01/actions/secrets/public-key 404
[debug] [2021-08-05T16:45:47.326Z] <<< [apiv2][body] GET https://api.github.com/repos/Aldodev01/actions/secrets/public-key {"message":"Not Found","documentation_url":"https://docs.github.com/rest"}
